<?xml version="1.0" encoding="UTF-8"?>
<testsuite name="censusanalyser.CensusAnalyserTest" tests="1" skipped="0" failures="0" errors="0" timestamp="2020-10-19T18:28:34" hostname="JPATEL" time="0.447">
  <properties/>
  <testcase name="givenStateCodeCSVFile_ReturnsCorrectRecords" classname="censusanalyser.CensusAnalyserTest" time="0.447"/>
  <system-out><![CDATA[]]></system-out>
  <system-err><![CDATA[]]></system-err>
</testsuite>
